<?xml version="1.0" encoding="UTF-8"?>
<testsuite xmlns:xsi="http://www.w3.org/2001/XMLSchema-instance" xsi:noNamespaceSchemaLocation="https://maven.apache.org/surefire/maven-surefire-plugin/xsd/surefire-test-report-3.0.xsd" version="3.0" name="com.mx.banorte.services.JuntiTestUsuario" time="6.651" tests="3" errors="0" skipped="0" failures="0">
  <properties>
[...]
</properties>
  <testcase name="testObeteneUsuario" classname="com.mx.banorte.services.JuntiTestUsuario" time="0.241">
    <system-out><![CDATA[25:12:14 INFO  [io.qu.ar.pr.BeanProcessor] (build-34) Found unrecommended usage of private members (use package-private instead) in application beans:
	- @Inject field com.mx.banorte.services.route.ApiClientRoutes#credencials,
	- @Inject field com.mx.banorte.services.route.UsuarioCrudRoutes#delete,
	- @Inject field com.mx.banorte.services.route.UsuarioCrudRoutes#query
	- and 1 more - please enable debug logging to see the full list
25:12:17 INFO  [or.ap.ca.qu.co.CamelBootstrapRecorder] (main) Bootstrap runtime: org.apache.camel.quarkus.main.CamelMainRuntime
25:12:17 INFO  [or.ap.ca.ma.MainSupport] (main) Apache Camel (Main) 3.18.3.redhat-00024 is starting
25:12:17 INFO  [or.ap.ca.co.jp.JpaComponent] (main) Using EntityManagerFactory found in registry with id [null] org.hibernate.internal.SessionFactoryImpl@156324b
25:12:17 INFO  [or.ap.ca.co.jp.JpaComponent] (main) Using TransactionManager configured on this component: org.springframework.transaction.jta.JtaTransactionManager@38a38ed4
25:12:17 INFO  [or.ap.ca.im.en.AbstractCamelContext] (main) Apache Camel 3.18.3.redhat-00024 (camel-1) is starting
25:12:18 INFO  [or.ap.ca.im.en.AbstractCamelContext] (main) Routes startup (started:14)
25:12:18 INFO  [or.ap.ca.im.en.AbstractCamelContext] (main)     Started callService (direct://llamada)
25:12:18 INFO  [or.ap.ca.im.en.AbstractCamelContext] (main)     Started route1 (rest://get:/extension:llamar)
25:12:18 INFO  [or.ap.ca.im.en.AbstractCamelContext] (main)     Started getUserPerRoute (direct://getUser)
25:12:18 INFO  [or.ap.ca.im.en.AbstractCamelContext] (main)     Started crearUsuario (direct://crearUsuario)
25:12:18 INFO  [or.ap.ca.im.en.AbstractCamelContext] (main)     Started updateUsuario (direct://updateUsuario)
25:12:18 INFO  [or.ap.ca.im.en.AbstractCamelContext] (main)     Started route2 (direct://deleteUsuario)
25:12:18 INFO  [or.ap.ca.im.en.AbstractCamelContext] (main)     Started route3 (rest://get:/usuario:obtener)
25:12:18 INFO  [or.ap.ca.im.en.AbstractCamelContext] (main)     Started route4 (rest://put:/usuario:create)
25:12:18 INFO  [or.ap.ca.im.en.AbstractCamelContext] (main)     Started route5 (rest://put:/usuario:update)
25:12:18 INFO  [or.ap.ca.im.en.AbstractCamelContext] (main)     Started route6 (rest://delete:/usuario:/%7Bid%7D)
25:12:18 INFO  [or.ap.ca.im.en.AbstractCamelContext] (main)     Started getUserPerfil (direct://getUserProfile)
25:12:18 INFO  [or.ap.ca.im.en.AbstractCamelContext] (main)     Started createUserPerfil (direct://createPerfil)
25:12:18 INFO  [or.ap.ca.im.en.AbstractCamelContext] (main)     Started route7 (rest://get:/perfil:perfiles)
25:12:18 INFO  [or.ap.ca.im.en.AbstractCamelContext] (main)     Started route8 (rest://put:/perfil:perfiles/create)
25:12:18 INFO  [or.ap.ca.im.en.AbstractCamelContext] (main) Apache Camel 3.18.3.redhat-00024 (camel-1) started in 309ms (build:0ms init:164ms start:145ms)
25:12:18 INFO  [io.quarkus] (main) baseservice-rest-databese-crud 1.0.0-SNAPSHOT on JVM (powered by Quarkus 2.13.7.Final-redhat-00003) started in 5.511s. Listening on: http://localhost:8081
25:12:18 INFO  [io.quarkus] (main) Profile test activated. 
25:12:18 INFO  [io.quarkus] (main) Installed features: [agroal, camel-attachments, camel-bean, camel-core, camel-direct, camel-http, camel-jackson, camel-jdbc, camel-jpa, camel-log, camel-mock, camel-platform-http, camel-rest, cdi, hibernate-orm, jacoco, jdbc-h2, jdbc-postgresql, narayana-jta, smallrye-context-propagation, vertx]
25:12:18 INFO  [getUserPerRoute] (main) Obteniendo Usuarios mediante query ...
25:12:18 INFO  [getUserPerRoute] (main) Obteniendo Usuarios mediante query ...
]]></system-out>
  </testcase>
  <testcase name="testActualizarUsuario" classname="com.mx.banorte.services.JuntiTestUsuario" time="0.068">
    <system-out><![CDATA[25:12:18 INFO  [actualizarUsuario] (main) Actualizando el usuario: com.mx.banorte.services.vo.Usuario@4552f905
]]></system-out>
  </testcase>
  <testcase name="testMyRoute" classname="com.mx.banorte.services.JuntiTestUsuario" time="0.021">
    <system-out><![CDATA[25:12:18 INFO  [or.ap.ca.im.en.AbstractCamelContext] (main) Stopped crearUsuario (direct://crearUsuario)
25:12:18 INFO  [or.ap.ca.im.en.AbstractCamelContext] (main) Shutdown crearUsuario (direct://crearUsuario)
25:12:18 INFO  [crearUsuario] (main) Creando un usuario nuevo: com.mx.banorte.services.vo.Usuario@5831989d
]]></system-out>
  </testcase>
</testsuite>